# JRE version: Java(TM) SE Runtime Environment (8.0_191-b12) (build 1.8.0_191-b12)
# Java VM: Java HotSpot(TM) Client VM (25.191-b12 mixed mode windows-x86 )
Heap:
 def new generation   total 157248K, used 120043K [0x05400000, 0x0fea0000, 0x0fea0000)
  eden space 139776K,  85% used [0x05400000, 0x0c9378b0, 0x0dc80000)
  from space 17472K,   0% used [0x0dc80000, 0x0dc83370, 0x0ed90000)
  to   space 17472K,   0% used [0x0ed90000, 0x0ed90000, 0x0fea0000)
 tenured generation   total 349568K, used 202520K [0x0fea0000, 0x25400000, 0x25400000)
   the space 349568K,  57% used [0x0fea0000, 0x1c466298, 0x1c466400, 0x25400000)
 Metaspace       used 23193K, capacity 23833K, committed 23936K, reserved 23936K
GC Heap History (10 events):
Event: 400506.047 GC heap before
{Heap before GC invocations=426 (full 5):
 def new generation   total 157248K, used 139791K [0x05400000, 0x0fea0000, 0x0fea0000)
  eden space 139776K, 100% used [0x05400000, 0x0dc80000, 0x0dc80000)
  from space 17472K,   0% used [0x0ed90000, 0x0ed93c10, 0x0fea0000)
  to   space 17472K,   0% used [0x0dc80000, 0x0dc80000, 0x0ed90000)
 tenured generation   total 349568K, used 202520K [0x0fea0000, 0x25400000, 0x25400000)
   the space 349568K,  57% used [0x0fea0000, 0x1c466298, 0x1c466400, 0x25400000)
 Metaspace       used 23193K, capacity 23833K, committed 23936K, reserved 23936K
Event: 400506.048 GC heap after
Heap after GC invocations=427 (full 5):
 def new generation   total 157248K, used 11K [0x05400000, 0x0fea0000, 0x0fea0000)
  eden space 139776K,   0% used [0x05400000, 0x05400000, 0x0dc80000)
  from space 17472K,   0% used [0x0dc80000, 0x0dc82e58, 0x0ed90000)
  to   space 17472K,   0% used [0x0ed90000, 0x0ed90000, 0x0fea0000)
 tenured generation   total 349568K, used 202520K [0x0fea0000, 0x25400000, 0x25400000)
   the space 349568K,  57% used [0x0fea0000, 0x1c466298, 0x1c466400, 0x25400000)
 Metaspace       used 23193K, capacity 23833K, committed 23936K, reserved 23936K
}
Event: 401283.999 GC heap before
{Heap before GC invocations=427 (full 5):
 def new generation   total 157248K, used 139787K [0x05400000, 0x0fea0000, 0x0fea0000)
  eden space 139776K, 100% used [0x05400000, 0x0dc80000, 0x0dc80000)
  from space 17472K,   0% used [0x0dc80000, 0x0dc82e58, 0x0ed90000)
  to   space 17472K,   0% used [0x0ed90000, 0x0ed90000, 0x0fea0000)
 tenured generation   total 349568K, used 202520K [0x0fea0000, 0x25400000, 0x25400000)
   the space 349568K,  57% used [0x0fea0000, 0x1c466298, 0x1c466400, 0x25400000)
 Metaspace       used 23193K, capacity 23833K, committed 23936K, reserved 23936K
Event: 401284.000 GC heap after
Heap after GC invocations=428 (full 5):
 def new generation   total 157248K, used 10K [0x05400000, 0x0fea0000, 0x0fea0000)
  eden space 139776K,   0% used [0x05400000, 0x05400000, 0x0dc80000)
  from space 17472K,   0% used [0x0ed90000, 0x0ed92ab0, 0x0fea0000)
  to   space 17472K,   0% used [0x0dc80000, 0x0dc80000, 0x0ed90000)
 tenured generation   total 349568K, used 202520K [0x0fea0000, 0x25400000, 0x25400000)
   the space 349568K,  57% used [0x0fea0000, 0x1c466298, 0x1c466400, 0x25400000)
 Metaspace       used 23193K, capacity 23833K, committed 23936K, reserved 23936K
}
Event: 402064.627 GC heap before
{Heap before GC invocations=428 (full 5):
 def new generation   total 157248K, used 139786K [0x05400000, 0x0fea0000, 0x0fea0000)
  eden space 139776K, 100% used [0x05400000, 0x0dc80000, 0x0dc80000)
  from space 17472K,   0% used [0x0ed90000, 0x0ed92ab0, 0x0fea0000)
  to   space 17472K,   0% used [0x0dc80000, 0x0dc80000, 0x0ed90000)
 tenured generation   total 349568K, used 202520K [0x0fea0000, 0x25400000, 0x25400000)
   the space 349568K,  57% used [0x0fea0000, 0x1c466298, 0x1c466400, 0x25400000)
 Metaspace       used 23193K, capacity 23833K, committed 23936K, reserved 23936K
Event: 402064.629 GC heap after
Heap after GC invocations=429 (full 5):
 def new generation   total 157248K, used 11K [0x05400000, 0x0fea0000, 0x0fea0000)
  eden space 139776K,   0% used [0x05400000, 0x05400000, 0x0dc80000)
  from space 17472K,   0% used [0x0dc80000, 0x0dc82f90, 0x0ed90000)
  to   space 17472K,   0% used [0x0ed90000, 0x0ed90000, 0x0fea0000)
 tenured generation   total 349568K, used 202520K [0x0fea0000, 0x25400000, 0x25400000)
   the space 349568K,  57% used [0x0fea0000, 0x1c466298, 0x1c466400, 0x25400000)
 Metaspace       used 23193K, capacity 23833K, committed 23936K, reserved 23936K
}
Event: 402844.229 GC heap before
{Heap before GC invocations=429 (full 5):
 def new generation   total 157248K, used 139787K [0x05400000, 0x0fea0000, 0x0fea0000)
  eden space 139776K, 100% used [0x05400000, 0x0dc80000, 0x0dc80000)
  from space 17472K,   0% used [0x0dc80000, 0x0dc82f90, 0x0ed90000)
  to   space 17472K,   0% used [0x0ed90000, 0x0ed90000, 0x0fea0000)
 tenured generation   total 349568K, used 202520K [0x0fea0000, 0x25400000, 0x25400000)
   the space 349568K,  57% used [0x0fea0000, 0x1c466298, 0x1c466400, 0x25400000)
 Metaspace       used 23193K, capacity 23833K, committed 23936K, reserved 23936K
Event: 402844.229 GC heap after
Heap after GC invocations=430 (full 5):
 def new generation   total 157248K, used 10K [0x05400000, 0x0fea0000, 0x0fea0000)
  eden space 139776K,   0% used [0x05400000, 0x05400000, 0x0dc80000)
  from space 17472K,   0% used [0x0ed90000, 0x0ed92ae0, 0x0fea0000)
  to   space 17472K,   0% used [0x0dc80000, 0x0dc80000, 0x0ed90000)
 tenured generation   total 349568K, used 202520K [0x0fea0000, 0x25400000, 0x25400000)
   the space 349568K,  57% used [0x0fea0000, 0x1c466298, 0x1c466400, 0x25400000)
 Metaspace       used 23193K, capacity 23833K, committed 23936K, reserved 23936K
}
Event: 403618.565 GC heap before
{Heap before GC invocations=430 (full 5):
 def new generation   total 157248K, used 139786K [0x05400000, 0x0fea0000, 0x0fea0000)
  eden space 139776K, 100% used [0x05400000, 0x0dc80000, 0x0dc80000)
  from space 17472K,   0% used [0x0ed90000, 0x0ed92ae0, 0x0fea0000)
  to   space 17472K,   0% used [0x0dc80000, 0x0dc80000, 0x0ed90000)
 tenured generation   total 349568K, used 202520K [0x0fea0000, 0x25400000, 0x25400000)
   the space 349568K,  57% used [0x0fea0000, 0x1c466298, 0x1c466400, 0x25400000)
 Metaspace       used 23193K, capacity 23833K, committed 23936K, reserved 23936K
Event: 403618.566 GC heap after
Heap after GC invocations=431 (full 5):
 def new generation   total 157248K, used 12K [0x05400000, 0x0fea0000, 0x0fea0000)
  eden space 139776K,   0% used [0x05400000, 0x05400000, 0x0dc80000)
  from space 17472K,   0% used [0x0dc80000, 0x0dc83370, 0x0ed90000)
  to   space 17472K,   0% used [0x0ed90000, 0x0ed90000, 0x0fea0000)
 tenured generation   total 349568K, used 202520K [0x0fea0000, 0x25400000, 0x25400000)
   the space 349568K,  57% used [0x0fea0000, 0x1c466298, 0x1c466400, 0x25400000)
 Metaspace       used 23193K, capacity 23833K, committed 23936K, reserved 23936K
}

